nohup: ignoring input
WARNING: Using default SECRET_KEY. Please change it in production!
管理员 admin 已存在
审计管理员 auditadmin 已存在
[GIN-debug] [WARNING] Creating an Engine instance with the Logger and Recovery middleware already attached.

[GIN-debug] [WARNING] Running in "debug" mode. Switch to "release" mode in production.
 - using env:	export GIN_MODE=release
 - using code:	gin.SetMode(gin.ReleaseMode)

[GIN-debug] GET    /                         --> main.main.func1 (11 handlers)
[GIN-debug] GET    /health                   --> main.main.func2 (11 handlers)
[GIN-debug] GET    /uploads/*filepath        --> github.com/gin-gonic/gin.(*RouterGroup).createStaticHandler.func1 (11 handlers)
[GIN-debug] HEAD   /uploads/*filepath        --> github.com/gin-gonic/gin.(*RouterGroup).createStaticHandler.func1 (11 handlers)
[GIN-debug] GET    /docs/*filepath           --> github.com/gin-gonic/gin.(*RouterGroup).createStaticHandler.func1 (11 handlers)
[GIN-debug] HEAD   /docs/*filepath           --> github.com/gin-gonic/gin.(*RouterGroup).createStaticHandler.func1 (11 handlers)
[GIN-debug] GET    /api-docs                 --> main.main.func3 (11 handlers)
[GIN-debug] POST   /api/auth/register        --> contract-manage/handlers.(*AuthHandler).Register-fm (12 handlers)
[GIN-debug] POST   /api/auth/login           --> contract-manage/handlers.(*AuthHandler).Login-fm (12 handlers)
[GIN-debug] GET    /api/auth/users           --> contract-manage/handlers.(*AuthHandler).GetUsers-fm (14 handlers)
[GIN-debug] GET    /api/auth/users/:user_id  --> contract-manage/handlers.(*AuthHandler).GetUserByID-fm (14 handlers)
[GIN-debug] PUT    /api/auth/users/:user_id  --> contract-manage/handlers.(*AuthHandler).UpdateUser-fm (14 handlers)
[GIN-debug] DELETE /api/auth/users/:user_id  --> contract-manage/handlers.(*AuthHandler).DeleteUser-fm (14 handlers)
[GIN-debug] GET    /api/customers            --> contract-manage/handlers.(*CustomerHandler).GetCustomers-fm (13 handlers)
[GIN-debug] GET    /api/customers/:customer_id --> contract-manage/handlers.(*CustomerHandler).GetCustomerByID-fm (13 handlers)
[GIN-debug] POST   /api/customers            --> contract-manage/handlers.(*CustomerHandler).CreateCustomer-fm (13 handlers)
[GIN-debug] PUT    /api/customers/:customer_id --> contract-manage/handlers.(*CustomerHandler).UpdateCustomer-fm (13 handlers)
[GIN-debug] DELETE /api/customers/:customer_id --> contract-manage/handlers.(*CustomerHandler).DeleteCustomer-fm (13 handlers)
[GIN-debug] GET    /api/contract-types       --> contract-manage/handlers.(*CustomerHandler).GetContractTypes-fm (13 handlers)
[GIN-debug] POST   /api/contract-types       --> contract-manage/handlers.(*CustomerHandler).CreateContractType-fm (13 handlers)
[GIN-debug] PUT    /api/contract-types/:type_id --> contract-manage/handlers.(*CustomerHandler).UpdateContractType-fm (13 handlers)
[GIN-debug] DELETE /api/contract-types/:type_id --> contract-manage/handlers.(*CustomerHandler).DeleteContractType-fm (13 handlers)
[GIN-debug] GET    /api/contracts            --> contract-manage/handlers.(*ContractHandler).GetContracts-fm (13 handlers)
[GIN-debug] POST   /api/contracts            --> contract-manage/handlers.(*ContractHandler).CreateContract-fm (13 handlers)
[GIN-debug] GET    /api/contracts/:contract_id --> contract-manage/handlers.(*ContractHandler).GetContractByID-fm (13 handlers)
[GIN-debug] PUT    /api/contracts/:contract_id --> contract-manage/handlers.(*ContractHandler).UpdateContract-fm (13 handlers)
[GIN-debug] PUT    /api/contracts/:contract_id/status --> contract-manage/handlers.(*ContractHandler).UpdateContractStatus-fm (13 handlers)
[GIN-debug] POST   /api/contracts/:contract_id/status-change --> contract-manage/handlers.(*ContractHandler).CreateStatusChangeRequest-fm (13 handlers)
[GIN-debug] GET    /api/contracts/:contract_id/status-change --> contract-manage/handlers.(*ContractHandler).GetStatusChangeRequests-fm (13 handlers)
[GIN-debug] POST   /api/contracts/:contract_id/archive --> contract-manage/handlers.(*ContractHandler).ArchiveContract-fm (13 handlers)
[GIN-debug] DELETE /api/contracts/:contract_id --> contract-manage/handlers.(*ContractHandler).DeleteContract-fm (13 handlers)
[GIN-debug] GET    /api/contracts/:contract_id/lifecycle --> contract-manage/handlers.(*ContractHandler).GetContractLifecycle-fm (13 handlers)
[GIN-debug] GET    /api/contracts/:contract_id/executions --> contract-manage/handlers.(*ContractHandler).GetContractExecutions-fm (13 handlers)
[GIN-debug] POST   /api/contracts/:contract_id/executions --> contract-manage/handlers.(*ContractHandler).CreateContractExecution-fm (13 handlers)
[GIN-debug] DELETE /api/executions/:execution_id --> contract-manage/handlers.(*ContractHandler).DeleteExecution-fm (13 handlers)
[GIN-debug] GET    /api/contracts/:contract_id/documents --> contract-manage/handlers.(*ContractHandler).GetContractDocuments-fm (13 handlers)
[GIN-debug] POST   /api/contracts/:contract_id/documents --> contract-manage/handlers.(*ContractHandler).CreateContractDocument-fm (13 handlers)
[GIN-debug] GET    /api/documents/:document_id/preview --> contract-manage/handlers.(*ContractHandler).PreviewDocument-fm (13 handlers)
[GIN-debug] DELETE /api/documents/:document_id --> contract-manage/handlers.(*ContractHandler).DeleteDocument-fm (13 handlers)
[GIN-debug] GET    /api/contracts/:contract_id/approvals --> contract-manage/handlers.(*ApprovalHandler).GetContractApprovals-fm (13 handlers)
[GIN-debug] POST   /api/contracts/:contract_id/approvals --> contract-manage/handlers.(*ApprovalHandler).CreateApproval-fm (13 handlers)
[GIN-debug] PUT    /api/approvals/:approval_id --> contract-manage/handlers.(*ApprovalHandler).UpdateApproval-fm (13 handlers)
[GIN-debug] GET    /api/pending-approvals    --> contract-manage/handlers.(*ApprovalHandler).GetPendingApprovals-fm (13 handlers)
[GIN-debug] POST   /api/workflow/create      --> contract-manage/handlers.(*WorkflowHandler).CreateWorkflow-fm (13 handlers)
[GIN-debug] GET    /api/workflow/:contract_id --> contract-manage/handlers.(*WorkflowHandler).GetWorkflow-fm (13 handlers)
[GIN-debug] GET    /api/workflow/:contract_id/pending --> contract-manage/handlers.(*WorkflowHandler).GetMyPendingApproval-fm (13 handlers)
[GIN-debug] POST   /api/workflow/approve     --> contract-manage/handlers.(*WorkflowHandler).Approve-fm (13 handlers)
[GIN-debug] POST   /api/workflow/reject      --> contract-manage/handlers.(*WorkflowHandler).Reject-fm (13 handlers)
[GIN-debug] GET    /api/pending-status-changes --> contract-manage/handlers.(*ContractHandler).GetPendingStatusChangeApprovals-fm (13 handlers)
[GIN-debug] POST   /api/status-change-requests/:request_id/approve --> contract-manage/handlers.(*ContractHandler).ApproveStatusChangeRequest-fm (13 handlers)
[GIN-debug] POST   /api/status-change-requests/:request_id/reject --> contract-manage/handlers.(*ContractHandler).RejectStatusChangeRequest-fm (13 handlers)
[GIN-debug] GET    /api/contracts/:contract_id/reminders --> contract-manage/handlers.(*ApprovalHandler).GetContractReminders-fm (13 handlers)
[GIN-debug] POST   /api/contracts/:contract_id/reminders --> contract-manage/handlers.(*ApprovalHandler).CreateReminder-fm (13 handlers)
[GIN-debug] POST   /api/reminders/:reminder_id/send --> contract-manage/handlers.(*ApprovalHandler).SendReminder-fm (13 handlers)
[GIN-debug] GET    /api/expiring-contracts   --> contract-manage/handlers.(*ApprovalHandler).GetExpiringContracts-fm (13 handlers)
[GIN-debug] GET    /api/statistics           --> contract-manage/handlers.(*ApprovalHandler).GetStatistics-fm (13 handlers)
[GIN-debug] GET    /api/notifications/count  --> contract-manage/handlers.(*ApprovalHandler).GetNotificationCounts-fm (13 handlers)
[GIN-debug] GET    /api/audit-logs           --> contract-manage/handlers.(*AuditHandler).GetAuditLogs-fm (14 handlers)
[GIN-debug] DELETE /api/audit-logs/:id       --> contract-manage/handlers.(*AuditHandler).DeleteAuditLog-fm (14 handlers)
[GIN-debug] POST   /api/audit-logs/batch-delete --> contract-manage/handlers.(*AuditHandler).DeleteAuditLogs-fm (14 handlers)
[GIN-debug] GET    /api/audit-logs/export    --> contract-manage/handlers.(*AuditHandler).ExportAuditLogs-fm (14 handlers)
API 调试页面: http://localhost:8000
Swagger 文档: http://localhost:8000/docs/swagger.html
[GIN-debug] [WARNING] You trusted all proxies, this is NOT safe. We recommend you to set a value.
Please check https://pkg.go.dev/github.com/gin-gonic/gin#readme-don-t-trust-all-proxies for details.
[GIN-debug] Listening and serving HTTP on :8000
[GIN] 2026/03/23 - 16:01:34 | 200 |           1ms |             ::1 | GET      "/"
[GIN] 2026/03/23 - 16:01:34 | 200 |      1.0678ms |             ::1 | GET      "/"
[GIN] 2026/03/23 - 16:01:35 | 200 |       503.6µs |             ::1 | GET      "/"
[GIN] 2026/03/23 - 16:01:35 | 200 |       588.5µs |             ::1 | GET      "/"
[GIN] 2026/03/23 - 16:01:35 | 404 |       208.6µs |             ::1 | GET      "/chrome-extension://eggdlmopfankeonchoflhfoglaakobma/adapter.js"
[GIN] 2026/03/23 - 16:01:35 | 404 |       412.2µs |             ::1 | GET      "/chrome-extension://eggdlmopfankeonchoflhfoglaakobma/adapter.js"
[GIN] 2026/03/23 - 16:01:35 | 404 |        39.7µs |             ::1 | GET      "/chrome-extension://eggdlmopfankeonchoflhfoglaakobma/adapter.js"
[GIN] 2026/03/23 - 16:01:35 | 404 |       106.2µs |             ::1 | GET      "/chrome-extension://eggdlmopfankeonchoflhfoglaakobma/adapter.js"
[GIN] 2026/03/23 - 16:01:36 | 200 |       381.2µs |             ::1 | GET      "/"
[GIN] 2026/03/23 - 16:01:36 | 200 |       434.7µs |             ::1 | GET      "/"
[GIN] 2026/03/23 - 16:01:36 | 404 |        27.3µs |             ::1 | GET      "/chrome-extension://eggdlmopfankeonchoflhfoglaakobma/adapter.js"
[GIN] 2026/03/23 - 16:01:36 | 404 |        80.3µs |             ::1 | GET      "/chrome-extension://eggdlmopfankeonchoflhfoglaakobma/adapter.js"
[GIN] 2026/03/23 - 16:01:41 | 200 |      1.2712ms |             ::1 | GET      "/"
[GIN] 2026/03/23 - 16:01:41 | 200 |      1.4045ms |             ::1 | GET      "/"
[GIN] 2026/03/23 - 16:01:42 | 404 |          83µs |             ::1 | GET      "/chrome-extension://eggdlmopfankeonchoflhfoglaakobma/adapter.js"
[GIN] 2026/03/23 - 16:01:42 | 404 |       247.3µs |             ::1 | GET      "/chrome-extension://eggdlmopfankeonchoflhfoglaakobma/adapter.js"
[GIN] 2026/03/23 - 16:01:42 | 200 |       591.6µs |             ::1 | GET      "/"
[GIN] 2026/03/23 - 16:01:42 | 200 |       715.1µs |             ::1 | GET      "/"
[GIN] 2026/03/23 - 16:01:43 | 404 |        78.7µs |             ::1 | GET      "/chrome-extension://eggdlmopfankeonchoflhfoglaakobma/adapter.js"
[GIN] 2026/03/23 - 16:01:43 | 404 |       238.6µs |             ::1 | GET      "/chrome-extension://eggdlmopfankeonchoflhfoglaakobma/adapter.js"
[GIN] 2026/03/23 - 16:02:12 | 200 |    201.0232ms |             ::1 | POST     "/api/auth/login"
[GIN] 2026/03/23 - 16:02:12 | 200 |    201.2228ms |             ::1 | POST     "/api/auth/login"
[GIN] 2026/03/23 - 16:02:12 | 200 |      4.9614ms |             ::1 | GET      "/api/notifications/count"
[GIN] 2026/03/23 - 16:02:12 | 200 |      5.1021ms |             ::1 | GET      "/api/notifications/count"
[GIN] 2026/03/23 - 16:02:12 | 200 |      9.7387ms |             ::1 | GET      "/api/statistics"
[GIN] 2026/03/23 - 16:02:12 | 200 |      9.8372ms |             ::1 | GET      "/api/statistics"
[GIN] 2026/03/23 - 16:02:12 | 200 |      1.4329ms |             ::1 | GET      "/api/expiring-contracts?days=30"
[GIN] 2026/03/23 - 16:02:12 | 200 |      1.5138ms |             ::1 | GET      "/api/expiring-contracts?days=30"
[GIN] 2026/03/23 - 16:02:14 | 200 |      1.0133ms |             ::1 | GET      "/api/contracts?skip=0&limit=10&keyword=&status="
[GIN] 2026/03/23 - 16:02:14 | 200 |      1.1169ms |             ::1 | GET      "/api/contracts?skip=0&limit=10&keyword=&status="
[GIN] 2026/03/23 - 16:02:14 | 200 |      1.0813ms |             ::1 | GET      "/api/contract-types?limit=1000"
[GIN] 2026/03/23 - 16:02:14 | 200 |       1.131ms |             ::1 | GET      "/api/contract-types?limit=1000"
[GIN] 2026/03/23 - 16:02:14 | 200 |      2.9962ms |             ::1 | GET      "/api/customers?limit=1000"
[GIN] 2026/03/23 - 16:02:14 | 200 |      3.0424ms |             ::1 | GET      "/api/customers?limit=1000"
[GIN] 2026/03/23 - 16:02:15 | 200 |      1.1088ms |             ::1 | GET      "/api/customers?skip=0&limit=10&keyword=&type="
[GIN] 2026/03/23 - 16:02:15 | 200 |      1.2639ms |             ::1 | GET      "/api/customers?skip=0&limit=10&keyword=&type="
[GIN] 2026/03/23 - 16:02:15 | 200 |       793.6µs |             ::1 | GET      "/api/pending-approvals"
[GIN] 2026/03/23 - 16:02:15 | 200 |       857.1µs |             ::1 | GET      "/api/pending-approvals"
[GIN] 2026/03/23 - 16:02:16 | 200 |      1.9586ms |             ::1 | GET      "/api/pending-status-changes"
[GIN] 2026/03/23 - 16:02:16 | 200 |       2.143ms |             ::1 | GET      "/api/pending-status-changes"
[GIN] 2026/03/23 - 16:02:16 | 200 |      1.5556ms |             ::1 | GET      "/api/expiring-contracts?days=30"
[GIN] 2026/03/23 - 16:02:16 | 200 |      1.8469ms |             ::1 | GET      "/api/expiring-contracts?days=30"
[GIN] 2026/03/23 - 16:02:16 | 200 |      2.0332ms |             ::1 | GET      "/api/auth/users?skip=0&limit=10"
[GIN] 2026/03/23 - 16:02:16 | 200 |      2.2525ms |             ::1 | GET      "/api/auth/users?skip=0&limit=10"
[GIN] 2026/03/23 - 16:02:17 | 200 |      3.6729ms |             ::1 | GET      "/api/audit-logs?page=1&page_size=20"
[GIN] 2026/03/23 - 16:02:17 | 200 |        3.72ms |             ::1 | GET      "/api/audit-logs?page=1&page_size=20"
[GIN] 2026/03/23 - 16:02:18 | 200 |      1.0651ms |             ::1 | GET      "/api/auth/users?skip=0&limit=10"
[GIN] 2026/03/23 - 16:02:18 | 200 |      1.1974ms |             ::1 | GET      "/api/auth/users?skip=0&limit=10"
[GIN] 2026/03/23 - 16:02:18 | 200 |      1.4669ms |             ::1 | GET      "/api/expiring-contracts?days=30"
[GIN] 2026/03/23 - 16:02:18 | 200 |      1.6068ms |             ::1 | GET      "/api/expiring-contracts?days=30"
[GIN] 2026/03/23 - 16:02:43 | 200 |      1.0125ms |             ::1 | GET      "/api/notifications/count"
[GIN] 2026/03/23 - 16:02:43 | 200 |      1.0683ms |             ::1 | GET      "/api/notifications/count"
[GIN] 2026/03/23 - 16:03:13 | 200 |      2.7535ms |             ::1 | GET      "/api/notifications/count"
[GIN] 2026/03/23 - 16:03:13 | 200 |      2.8759ms |             ::1 | GET      "/api/notifications/count"
